<?xml version="1.0" encoding="UTF-8"?>
<!-- Generated by org.testng.reporters.JUnitReportReporter -->
<testsuite hostname="DESKTOP-ROQI7Q6" failures="0" tests="4" name="CucumberOptions.TestNgTestRunner" time="0.274" errors="0" timestamp="2022-05-18T15:37:40 IST" skipped="0">
  <testcase classname="CucumberOptions.TestNgTestRunner" name="runScenario" time="0.046"/>
  <system-out/>
  <testcase classname="CucumberOptions.TestNgTestRunner" name="runScenario" time="0.149"/>
  <system-out/>
  <testcase classname="CucumberOptions.TestNgTestRunner" name="runScenario" time="0.043"/>
  <system-out/>
  <testcase classname="CucumberOptions.TestNgTestRunner" name="runScenario" time="0.036"/>
  <system-out/>
</testsuite> <!-- CucumberOptions.TestNgTestRunner -->
